<?xml version="1.0" encoding="UTF-8"?>
<testsuite name="콘서트 정보 조회 테스트" tests="1" skipped="0" failures="0" errors="0" timestamp="2024-04-03T13:18:39" hostname="choeyeonhoui-MacBookAir.local" time="0.414">
  <properties/>
  <testcase name="givenId_whenFindById_then()" classname="io.hpp.concertreservation.ConcertInfoCoreRepositoryTest" time="0.414"/>
  <system-out><![CDATA[22:18:37.838 [Test worker] INFO org.springframework.test.context.support.AnnotationConfigContextLoaderUtils -- Could not detect default configuration classes for test class [io.hpp.concertreservation.ConcertInfoCoreRepositoryTest]: ConcertInfoCoreRepositoryTest does not declare any static, non-private, non-final, nested classes annotated with @Configuration.
22:18:37.898 [Test worker] INFO org.springframework.boot.test.context.SpringBootTestContextBootstrapper -- Found @SpringBootConfiguration io.hpp.concertreservation.ConcertReservationApplication for test class io.hpp.concertreservation.ConcertInfoCoreRepositoryTest

  .   ____          _            __ _ _
 /\\ / ___'_ __ _ _(_)_ __  __ _ \ \ \ \
( ( )\___ | '_ | '_| | '_ \/ _` | \ \ \ \
 \\/  ___)| |_)| | | | | || (_| |  ) ) ) )
  '  |____| .__|_| |_|_| |_\__, | / / / /
 =========|_|==============|___/=/_/_/_/
 :: Spring Boot ::                (v3.2.4)

2024-04-03T22:18:38.087+09:00  INFO 9586 --- [concert-reservation] [    Test worker] i.h.c.ConcertInfoCoreRepositoryTest      : Starting ConcertInfoCoreRepositoryTest using Java 17.0.5 with PID 9586 (started by choeyeonho in /Users/choeyeonho/workspace/StudyProjects/01_JustStudy/concert-reservation)
2024-04-03T22:18:38.088+09:00  INFO 9586 --- [concert-reservation] [    Test worker] i.h.c.ConcertInfoCoreRepositoryTest      : No active profile set, falling back to 1 default profile: "default"
2024-04-03T22:18:38.088+09:00 DEBUG 9586 --- [concert-reservation] [    Test worker] o.s.boot.SpringApplication               : Loading source class io.hpp.concertreservation.ConcertReservationApplication
2024-04-03T22:18:38.258+09:00  INFO 9586 --- [concert-reservation] [    Test worker] .s.d.r.c.RepositoryConfigurationDelegate : Multiple Spring Data modules found, entering strict repository configuration mode
2024-04-03T22:18:38.259+09:00  INFO 9586 --- [concert-reservation] [    Test worker] .s.d.r.c.RepositoryConfigurationDelegate : Bootstrapping Spring Data JPA repositories in DEFAULT mode.
2024-04-03T22:18:38.267+09:00 DEBUG 9586 --- [concert-reservation] [    Test worker] o.s.b.a.AutoConfigurationPackages        : @EnableAutoConfiguration was declared on a class in the package 'io.hpp.concertreservation'. Automatic @Repository and @Entity scanning is enabled.
2024-04-03T22:18:38.299+09:00  INFO 9586 --- [concert-reservation] [    Test worker] .s.d.r.c.RepositoryConfigurationDelegate : Finished Spring Data repository scanning in 36 ms. Found 6 JPA repository interfaces.
2024-04-03T22:18:38.330+09:00  INFO 9586 --- [concert-reservation] [    Test worker] beddedDataSourceBeanFactoryPostProcessor : Replacing 'dataSource' DataSource bean with embedded version
2024-04-03T22:18:38.395+09:00  INFO 9586 --- [concert-reservation] [    Test worker] o.s.j.d.e.EmbeddedDatabaseFactory        : Starting embedded database: url='jdbc:h2:mem:5a45b33e-0f0f-4890-b374-a2416dfddd18;DB_CLOSE_DELAY=-1;DB_CLOSE_ON_EXIT=false', username='sa'
2024-04-03T22:18:38.526+09:00  INFO 9586 --- [concert-reservation] [    Test worker] o.hibernate.jpa.internal.util.LogHelper  : HHH000204: Processing PersistenceUnitInfo [name: default]
2024-04-03T22:18:38.553+09:00  INFO 9586 --- [concert-reservation] [    Test worker] org.hibernate.Version                    : HHH000412: Hibernate ORM core version 6.4.4.Final
2024-04-03T22:18:38.568+09:00  INFO 9586 --- [concert-reservation] [    Test worker] o.h.c.internal.RegionFactoryInitiator    : HHH000026: Second-level cache disabled
2024-04-03T22:18:38.672+09:00  INFO 9586 --- [concert-reservation] [    Test worker] o.s.o.j.p.SpringPersistenceUnitInfo      : No LoadTimeWeaver setup: ignoring JPA class transformer
2024-04-03T22:18:39.126+09:00  INFO 9586 --- [concert-reservation] [    Test worker] o.h.e.t.j.p.i.JtaPlatformInitiator       : HHH000489: No JTA platform available (set 'hibernate.transaction.jta.platform' to enable JTA platform integration)
2024-04-03T22:18:39.134+09:00 DEBUG 9586 --- [concert-reservation] [    Test worker] org.hibernate.SQL                        : 
    drop table if exists concert_info cascade 
Hibernate: 
    drop table if exists concert_info cascade 
2024-04-03T22:18:39.135+09:00 DEBUG 9586 --- [concert-reservation] [    Test worker] org.hibernate.SQL                        : 
    drop table if exists reservation cascade 
Hibernate: 
    drop table if exists reservation cascade 
2024-04-03T22:18:39.136+09:00 DEBUG 9586 --- [concert-reservation] [    Test worker] org.hibernate.SQL                        : 
    drop table if exists schedule cascade 
Hibernate: 
    drop table if exists schedule cascade 
2024-04-03T22:18:39.136+09:00 DEBUG 9586 --- [concert-reservation] [    Test worker] org.hibernate.SQL                        : 
    drop table if exists seat cascade 
Hibernate: 
    drop table if exists seat cascade 
2024-04-03T22:18:39.136+09:00 DEBUG 9586 --- [concert-reservation] [    Test worker] org.hibernate.SQL                        : 
    drop table if exists user_info cascade 
Hibernate: 
    drop table if exists user_info cascade 
2024-04-03T22:18:39.136+09:00 DEBUG 9586 --- [concert-reservation] [    Test worker] org.hibernate.SQL                        : 
    drop table if exists user_payment cascade 
Hibernate: 
    drop table if exists user_payment cascade 
2024-04-03T22:18:39.139+09:00 DEBUG 9586 --- [concert-reservation] [    Test worker] org.hibernate.SQL                        : 
    create table concert_info (
        end_date timestamp(6),
        id bigint generated by default as identity,
        start_date timestamp(6),
        artist varchar(50),
        concert_name varchar(100) not null,
        conert_desc varchar(1000),
        primary key (id)
    )
Hibernate: 
    create table concert_info (
        end_date timestamp(6),
        id bigint generated by default as identity,
        start_date timestamp(6),
        artist varchar(50),
        concert_name varchar(100) not null,
        conert_desc varchar(1000),
        primary key (id)
    )
2024-04-03T22:18:39.143+09:00 DEBUG 9586 --- [concert-reservation] [    Test worker] org.hibernate.SQL                        : 
    create table reservation (
        payment_yn varchar(1) not null,
        concert_id bigint not null,
        created_at timestamp(6) not null,
        id bigint generated by default as identity,
        modified_at timestamp(6) not null,
        num_of_seats bigint not null,
        reserve_date timestamp(6) not null,
        total_price bigint not null,
        user_id bigint not null,
        created_by varchar(255) not null,
        modified_by varchar(255) not null,
        primary key (id)
    )
Hibernate: 
    create table reservation (
        payment_yn varchar(1) not null,
        concert_id bigint not null,
        created_at timestamp(6) not null,
        id bigint generated by default as identity,
        modified_at timestamp(6) not null,
        num_of_seats bigint not null,
        reserve_date timestamp(6) not null,
        total_price bigint not null,
        user_id bigint not null,
        created_by varchar(255) not null,
        modified_by varchar(255) not null,
        primary key (id)
    )
2024-04-03T22:18:39.144+09:00 DEBUG 9586 --- [concert-reservation] [    Test worker] org.hibernate.SQL                        : 
    create table schedule (
        concert_id bigint not null,
        created_at timestamp(6) not null,
        id bigint generated by default as identity,
        modified_at timestamp(6) not null,
        perform_date timestamp(6) not null,
        created_by varchar(255) not null,
        modified_by varchar(255) not null,
        primary key (id)
    )
Hibernate: 
    create table schedule (
        concert_id bigint not null,
        created_at timestamp(6) not null,
        id bigint generated by default as identity,
        modified_at timestamp(6) not null,
        perform_date timestamp(6) not null,
        created_by varchar(255) not null,
        modified_by varchar(255) not null,
        primary key (id)
    )
2024-04-03T22:18:39.145+09:00 DEBUG 9586 --- [concert-reservation] [    Test worker] org.hibernate.SQL                        : 
    create table seat (
        created_at timestamp(6) not null,
        id bigint generated by default as identity,
        modified_at timestamp(6) not null,
        price bigint not null,
        reserve_id bigint not null,
        seat_no bigint not null,
        shedule_id bigint not null,
        created_by varchar(255) not null,
        modified_by varchar(255) not null,
        seat_grade varchar(255) not null,
        primary key (id)
    )
Hibernate: 
    create table seat (
        created_at timestamp(6) not null,
        id bigint generated by default as identity,
        modified_at timestamp(6) not null,
        price bigint not null,
        reserve_id bigint not null,
        seat_no bigint not null,
        shedule_id bigint not null,
        created_by varchar(255) not null,
        modified_by varchar(255) not null,
        seat_grade varchar(255) not null,
        primary key (id)
    )
2024-04-03T22:18:39.146+09:00 DEBUG 9586 --- [concert-reservation] [    Test worker] org.hibernate.SQL                        : 
    create table user_info (
        created_at timestamp(6) not null,
        id bigint generated by default as identity,
        modified_at timestamp(6) not null,
        user_name varchar(50),
        created_by varchar(255) not null,
        modified_by varchar(255) not null,
        primary key (id)
    )
Hibernate: 
    create table user_info (
        created_at timestamp(6) not null,
        id bigint generated by default as identity,
        modified_at timestamp(6) not null,
        user_name varchar(50),
        created_by varchar(255) not null,
        modified_by varchar(255) not null,
        primary key (id)
    )
2024-04-03T22:18:39.147+09:00 DEBUG 9586 --- [concert-reservation] [    Test worker] org.hibernate.SQL                        : 
    create table user_payment (
        balance bigint default 0 not null,
        created_at timestamp(6) not null,
        id bigint generated by default as identity,
        modified_at timestamp(6) not null,
        user_id bigint not null,
        created_by varchar(255) not null,
        modified_by varchar(255) not null,
        pay_method varchar(255) not null check (pay_method in ()),
        transaction_type varchar(255) not null check (transaction_type in ('CHARGE','USE')),
        primary key (id)
    )
Hibernate: 
    create table user_payment (
        balance bigint default 0 not null,
        created_at timestamp(6) not null,
        id bigint generated by default as identity,
        modified_at timestamp(6) not null,
        user_id bigint not null,
        created_by varchar(255) not null,
        modified_by varchar(255) not null,
        pay_method varchar(255) not null check (pay_method in ()),
        transaction_type varchar(255) not null check (transaction_type in ('CHARGE','USE')),
        primary key (id)
    )
2024-04-03T22:18:39.153+09:00  INFO 9586 --- [concert-reservation] [    Test worker] j.LocalContainerEntityManagerFactoryBean : Initialized JPA EntityManagerFactory for persistence unit 'default'
2024-04-03T22:18:39.355+09:00 DEBUG 9586 --- [concert-reservation] [    Test worker] .s.b.a.l.ConditionEvaluationReportLogger : 


============================
CONDITIONS EVALUATION REPORT
============================


Positive matches:
-----------------

   DataSourceAutoConfiguration matched:
      - @ConditionalOnClass found required classes 'javax.sql.DataSource', 'org.springframework.jdbc.datasource.embedded.EmbeddedDatabaseType' (OnClassCondition)
      - @ConditionalOnMissingBean (types: io.r2dbc.spi.ConnectionFactory; SearchStrategy: all) did not find any beans (OnBeanCondition)

   DataSourceAutoConfiguration.PooledDataSourceConfiguration matched:
      - AnyNestedCondition 1 matched 1 did not; NestedCondition on DataSourceAutoConfiguration.PooledDataSourceCondition.PooledDataSourceAvailable PooledDataSource found supported DataSource; NestedCondition on DataSourceAutoConfiguration.PooledDataSourceCondition.ExplicitType @ConditionalOnProperty (spring.datasource.type) did not find property 'type' (DataSourceAutoConfiguration.PooledDataSourceCondition)
      - @ConditionalOnMissingBean (types: javax.sql.DataSource,javax.sql.XADataSource; SearchStrategy: all) did not find any beans (OnBeanCondition)

   DataSourceAutoConfiguration.PooledDataSourceConfiguration#jdbcConnectionDetails matched:
      - @ConditionalOnMissingBean (types: org.springframework.boot.autoconfigure.jdbc.JdbcConnectionDetails; SearchStrategy: all) did not find any beans (OnBeanCondition)

   DataSourceConfiguration.Hikari matched:
      - @ConditionalOnClass found required class 'com.zaxxer.hikari.HikariDataSource' (OnClassCondition)
      - @ConditionalOnProperty (spring.datasource.type=com.zaxxer.hikari.HikariDataSource) matched (OnPropertyCondition)
      - @ConditionalOnMissingBean (types: javax.sql.DataSource; SearchStrategy: all) did not find any beans (OnBeanCondition)

   DataSourceInitializationConfiguration matched:
      - @ConditionalOnClass found required class 'org.springframework.jdbc.datasource.init.DatabasePopulator' (OnClassCondition)
      - @ConditionalOnSingleCandidate (types: javax.sql.DataSource; SearchStrategy: all) found a single bean 'dataSource'; @ConditionalOnMissingBean (types: org.springframework.boot.autoconfigure.sql.init.SqlDataSourceScriptDatabaseInitializer,org.springframework.boot.autoconfigure.sql.init.SqlR2dbcScriptDatabaseInitializer; SearchStrategy: all) did not find any beans (OnBeanCondition)

   DataSourcePoolMetadataProvidersConfiguration.HikariPoolDataSourceMetadataProviderConfiguration matched:
      - @ConditionalOnClass found required class 'com.zaxxer.hikari.HikariDataSource' (OnClassCondition)

   DataSourceTransactionManagerAutoConfiguration matched:
      - @ConditionalOnClass found required classes 'org.springframework.jdbc.core.JdbcTemplate', 'org.springframework.transaction.TransactionManager' (OnClassCondition)

   DataSourceTransactionManagerAutoConfiguration.JdbcTransactionManagerConfiguration matched:
      - @ConditionalOnSingleCandidate (types: javax.sql.DataSource; SearchStrategy: all) found a single bean 'dataSource' (OnBeanCondition)

   HibernateJpaAutoConfiguration matched:
      - @ConditionalOnClass found required classes 'org.springframework.orm.jpa.LocalContainerEntityManagerFactoryBean', 'jakarta.persistence.EntityManager', 'org.hibernate.engine.spi.SessionImplementor' (OnClassCondition)

   HibernateJpaConfiguration matched:
      - @ConditionalOnSingleCandidate (types: javax.sql.DataSource; SearchStrategy: all) found a single bean 'dataSource' (OnBeanCondition)

   JdbcClientAutoConfiguration matched:
      - @ConditionalOnSingleCandidate (types: org.springframework.jdbc.core.namedparam.NamedParameterJdbcTemplate; SearchStrategy: all) found a single bean 'namedParameterJdbcTemplate'; @ConditionalOnMissingBean (types: org.springframework.jdbc.core.simple.JdbcClient; SearchStrategy: all) did not find any beans (OnBeanCondition)

   JdbcTemplateAutoConfiguration matched:
      - @ConditionalOnClass found required classes 'javax.sql.DataSource', 'org.springframework.jdbc.core.JdbcTemplate' (OnClassCondition)
      - @ConditionalOnSingleCandidate (types: javax.sql.DataSource; SearchStrategy: all) found a single bean 'dataSource' (OnBeanCondition)

   JdbcTemplateConfiguration matched:
      - @ConditionalOnMissingBean (types: org.springframework.jdbc.core.JdbcOperations; SearchStrategy: all) did not find any beans (OnBeanCondition)

   JpaBaseConfiguration#entityManagerFactory matched:
      - @ConditionalOnMissingBean (types: org.springframework.orm.jpa.LocalContainerEntityManagerFactoryBean,jakarta.persistence.EntityManagerFactory; SearchStrategy: all) did not find any beans (OnBeanCondition)

   JpaBaseConfiguration#entityManagerFactoryBuilder matched:
      - @ConditionalOnMissingBean (types: org.springframework.boot.orm.jpa.EntityManagerFactoryBuilder; SearchStrategy: all) did not find any beans (OnBeanCondition)

   JpaBaseConfiguration#jpaVendorAdapter matched:
      - @ConditionalOnMissingBean (types: org.springframework.orm.jpa.JpaVendorAdapter; SearchStrategy: all) did not find any beans (OnBeanCondition)

   JpaBaseConfiguration#transactionManager matched:
      - @ConditionalOnMissingBean (types: org.springframework.transaction.TransactionManager; SearchStrategy: all) did not find any beans (OnBeanCondition)

   JpaBaseConfiguration.PersistenceManagedTypesConfiguration matched:
      - @ConditionalOnMissingBean (types: org.springframework.orm.jpa.LocalContainerEntityManagerFactoryBean,jakarta.persistence.EntityManagerFactory; SearchStrategy: all) did not find any beans (OnBeanCondition)

   JpaBaseConfiguration.PersistenceManagedTypesConfiguration#persistenceManagedTypes matched:
      - @ConditionalOnMissingBean (types: org.springframework.orm.jpa.persistenceunit.PersistenceManagedTypes; SearchStrategy: all) did not find any beans (OnBeanCondition)

   JpaRepositoriesAutoConfiguration matched:
      - @ConditionalOnClass found required class 'org.springframework.data.jpa.repository.JpaRepository' (OnClassCondition)
      - @ConditionalOnProperty (spring.data.jpa.repositories.enabled=true) matched (OnPropertyCondition)
      - @ConditionalOnBean (types: javax.sql.DataSource; SearchStrategy: all) found bean 'dataSource'; @ConditionalOnMissingBean (types: org.springframework.data.jpa.repository.support.JpaRepositoryFactoryBean,org.springframework.data.jpa.repository.config.JpaRepositoryConfigExtension; SearchStrategy: all) did not find any beans (OnBeanCondition)

   NamedParameterJdbcTemplateConfiguration matched:
      - @ConditionalOnSingleCandidate (types: org.springframework.jdbc.core.JdbcTemplate; SearchStrategy: all) found a single bean 'jdbcTemplate'; @ConditionalOnMissingBean (types: org.springframework.jdbc.core.namedparam.NamedParameterJdbcOperations; SearchStrategy: all) did not find any beans (OnBeanCondition)

   NoOpCacheConfiguration matched:
      - Cache org.springframework.boot.autoconfigure.cache.NoOpCacheConfiguration NONE cache type (CacheCondition)

   SqlInitializationAutoConfiguration matched:
      - @ConditionalOnProperty (spring.sql.init.enabled) matched (OnPropertyCondition)
      - NoneNestedConditions 0 matched 1 did not; NestedCondition on SqlInitializationAutoConfiguration.SqlInitializationModeCondition.ModeIsNever @ConditionalOnProperty (spring.sql.init.mode=never) found different value in property 'mode' (SqlInitializationAutoConfiguration.SqlInitializationModeCondition)

   TestDatabaseAutoConfiguration#embeddedDataSourceBeanFactoryPostProcessor matched:
      - @ConditionalOnProperty (spring.test.database.replace=ANY) matched (OnPropertyCondition)

   TestEntityManagerAutoConfiguration matched:
      - @ConditionalOnClass found required class 'jakarta.persistence.EntityManagerFactory' (OnClassCondition)

   TestEntityManagerAutoConfiguration#testEntityManager matched:
      - @ConditionalOnMissingBean (types: org.springframework.boot.test.autoconfigure.orm.jpa.TestEntityManager; SearchStrategy: all) did not find any beans (OnBeanCondition)

   TransactionAutoConfiguration matched:
      - @ConditionalOnClass found required class 'org.springframework.transaction.PlatformTransactionManager' (OnClassCondition)

   TransactionAutoConfiguration.EnableTransactionManagementConfiguration matched:
      - @ConditionalOnBean (types: org.springframework.transaction.TransactionManager; SearchStrategy: all) found bean 'transactionManager'; @ConditionalOnMissingBean (types: org.springframework.transaction.annotation.AbstractTransactionManagementConfiguration; SearchStrategy: all) did not find any beans (OnBeanCondition)

   TransactionAutoConfiguration.EnableTransactionManagementConfiguration.CglibAutoProxyConfiguration matched:
      - @ConditionalOnProperty (spring.aop.proxy-target-class=true) matched (OnPropertyCondition)

   TransactionAutoConfiguration.TransactionTemplateConfiguration matched:
      - @ConditionalOnSingleCandidate (types: org.springframework.transaction.PlatformTransactionManager; SearchStrategy: all) found a single bean 'transactionManager' (OnBeanCondition)

   TransactionAutoConfiguration.TransactionTemplateConfiguration#transactionTemplate matched:
      - @ConditionalOnMissingBean (types: org.springframework.transaction.support.TransactionOperations; SearchStrategy: all) did not find any beans (OnBeanCondition)


Negative matches:
-----------------

   Cache2kCacheConfiguration:
      Did not match:
         - @ConditionalOnClass did not find required class 'org.cache2k.Cache2kBuilder' (OnClassCondition)

   CacheAutoConfiguration:
      Did not match:
         - @ConditionalOnBean (types: org.springframework.cache.interceptor.CacheAspectSupport; SearchStrategy: all) did not find any beans of type org.springframework.cache.interceptor.CacheAspectSupport (OnBeanCondition)
      Matched:
         - @ConditionalOnClass found required class 'org.springframework.cache.CacheManager' (OnClassCondition)

   CacheAutoConfiguration.CacheManagerEntityManagerFactoryDependsOnPostProcessor:
      Did not match:
         - Ancestor org.springframework.boot.autoconfigure.cache.CacheAutoConfiguration did not match (ConditionEvaluationReport.AncestorsMatchedCondition)
      Matched:
         - @ConditionalOnClass found required class 'org.springframework.orm.jpa.LocalContainerEntityManagerFactoryBean' (OnClassCondition)

   CaffeineCacheConfiguration:
      Did not match:
         - @ConditionalOnClass did not find required class 'com.github.benmanes.caffeine.cache.Caffeine' (OnClassCondition)

   CouchbaseCacheConfiguration:
      Did not match:
         - @ConditionalOnClass did not find required class 'com.couchbase.client.java.Cluster' (OnClassCondition)

   DataSourceAutoConfiguration.EmbeddedDatabaseConfiguration:
      Did not match:
         - EmbeddedDataSource spring.datasource.url is set (DataSourceAutoConfiguration.EmbeddedDatabaseCondition)

   DataSourceCheckpointRestoreConfiguration:
      Did not match:
         - @ConditionalOnClass did not find required class 'org.crac.Resource' (OnClassCondition)

   DataSourceConfiguration.Dbcp2:
      Did not match:
         - @ConditionalOnClass did not find required class 'org.apache.commons.dbcp2.BasicDataSource' (OnClassCondition)

   DataSourceConfiguration.Generic:
      Did not match:
         - @ConditionalOnProperty (spring.datasource.type) did not find property 'spring.datasource.type' (OnPropertyCondition)

   DataSourceConfiguration.OracleUcp:
      Did not match:
         - @ConditionalOnClass did not find required classes 'oracle.ucp.jdbc.PoolDataSourceImpl', 'oracle.jdbc.OracleConnection' (OnClassCondition)

   DataSourceConfiguration.Tomcat:
      Did not match:
         - @ConditionalOnClass did not find required class 'org.apache.tomcat.jdbc.pool.DataSource' (OnClassCondition)

   DataSourceJmxConfiguration:
      Did not match:
         - @ConditionalOnProperty (spring.jmx.enabled=true) found different value in property 'enabled' (OnPropertyCondition)

   DataSourcePoolMetadataProvidersConfiguration.CommonsDbcp2PoolDataSourceMetadataProviderConfiguration:
      Did not match:
         - @ConditionalOnClass did not find required class 'org.apache.commons.dbcp2.BasicDataSource' (OnClassCondition)

   DataSourcePoolMetadataProvidersConfiguration.OracleUcpPoolDataSourceMetadataProviderConfiguration:
      Did not match:
         - @ConditionalOnClass did not find required classes 'oracle.ucp.jdbc.PoolDataSource', 'oracle.jdbc.OracleConnection' (OnClassCondition)

   DataSourcePoolMetadataProvidersConfiguration.TomcatDataSourcePoolMetadataProviderConfiguration:
      Did not match:
         - @ConditionalOnClass did not find required class 'org.apache.tomcat.jdbc.pool.DataSource' (OnClassCondition)

   DataSourceTransactionManagerAutoConfiguration.JdbcTransactionManagerConfiguration#transactionManager:
      Did not match:
         - @ConditionalOnMissingBean (types: org.springframework.transaction.TransactionManager; SearchStrategy: all) found beans of type 'org.springframework.transaction.TransactionManager' transactionManager (OnBeanCondition)

   FlywayAutoConfiguration:
      Did not match:
         - @ConditionalOnClass did not find required class 'org.flywaydb.core.Flyway' (OnClassCondition)

   GenericCacheConfiguration:
      Did not match:
         - Cache org.springframework.boot.autoconfigure.cache.GenericCacheConfiguration unknown cache type (CacheCondition)

   HazelcastCacheConfiguration:
      Did not match:
         - @ConditionalOnClass did not find required class 'com.hazelcast.core.HazelcastInstance' (OnClassCondition)

   InfinispanCacheConfiguration:
      Did not match:
         - @ConditionalOnClass did not find required class 'org.infinispan.spring.embedded.provider.SpringEmbeddedCacheManager' (OnClassCondition)

   JCacheCacheConfiguration:
      Did not match:
         - @ConditionalOnClass did not find required class 'javax.cache.Caching' (OnClassCondition)

   JpaBaseConfiguration.JpaWebConfiguration:
      Did not match:
         - not a servlet web application (OnWebApplicationCondition)
      Matched:
         - @ConditionalOnClass found required class 'org.springframework.web.servlet.config.annotation.WebMvcConfigurer' (OnClassCondition)

   JpaRepositoriesAutoConfiguration#entityManagerFactoryBootstrapExecutorCustomizer:
      Did not match:
         - AnyNestedCondition 0 matched 2 did not; NestedCondition on JpaRepositoriesAutoConfiguration.BootstrapExecutorCondition.LazyBootstrapMode @ConditionalOnProperty (spring.data.jpa.repositories.bootstrap-mode=lazy) found different value in property 'bootstrap-mode'; NestedCondition on JpaRepositoriesAutoConfiguration.BootstrapExecutorCondition.DeferredBootstrapMode @ConditionalOnProperty (spring.data.jpa.repositories.bootstrap-mode=deferred) found different value in property 'bootstrap-mode' (JpaRepositoriesAutoConfiguration.BootstrapExecutorCondition)

   LiquibaseAutoConfiguration:
      Did not match:
         - @ConditionalOnClass did not find required class 'liquibase.change.DatabaseChange' (OnClassCondition)

   R2dbcInitializationConfiguration:
      Did not match:
         - @ConditionalOnClass did not find required classes 'io.r2dbc.spi.ConnectionFactory', 'org.springframework.r2dbc.connection.init.DatabasePopulator' (OnClassCondition)

   RedisCacheConfiguration:
      Did not match:
         - @ConditionalOnClass did not find required class 'org.springframework.data.redis.connection.RedisConnectionFactory' (OnClassCondition)

   SimpleCacheConfiguration:
      Did not match:
         - Cache org.springframework.boot.autoconfigure.cache.SimpleCacheConfiguration unknown cache type (CacheCondition)

   TestDatabaseAutoConfiguration#dataSource:
      Did not match:
         - @ConditionalOnProperty (spring.test.database.replace=AUTO_CONFIGURED) did not find property 'replace' (OnPropertyCondition)

   TransactionAutoConfiguration#transactionalOperator:
      Did not match:
         - @ConditionalOnSingleCandidate (types: org.springframework.transaction.ReactiveTransactionManager; SearchStrategy: all) did not find any beans (OnBeanCondition)

   TransactionAutoConfiguration.AspectJTransactionManagementConfiguration:
      Did not match:
         - @ConditionalOnBean (types: org.springframework.transaction.aspectj.AbstractTransactionAspect; SearchStrategy: all) did not find any beans of type org.springframework.transaction.aspectj.AbstractTransactionAspect (OnBeanCondition)

   TransactionAutoConfiguration.EnableTransactionManagementConfiguration.JdkDynamicAutoProxyConfiguration:
      Did not match:
         - @ConditionalOnProperty (spring.aop.proxy-target-class=false) did not find property 'proxy-target-class' (OnPropertyCondition)


Exclusions:
-----------

    None


Unconditional classes:
----------------------

    org.springframework.boot.test.autoconfigure.jdbc.TestDatabaseAutoConfiguration



2024-04-03T22:18:39.366+09:00  INFO 9586 --- [concert-reservation] [    Test worker] i.h.c.ConcertInfoCoreRepositoryTest      : Started ConcertInfoCoreRepositoryTest in 1.425 seconds (process running for 1.952)
2024-04-03T22:18:39.704+09:00 DEBUG 9586 --- [concert-reservation] [    Test worker] org.hibernate.SQL                        : 
    insert 
    into
        concert_info
        (artist, concert_name, conert_desc, end_date, start_date, id) 
    values
        (?, ?, ?, ?, ?, default)
Hibernate: 
    insert 
    into
        concert_info
        (artist, concert_name, conert_desc, end_date, start_date, id) 
    values
        (?, ?, ?, ?, ?, default)
]]></system-out>
  <system-err><![CDATA[]]></system-err>
</testsuite>
